<?xml version="1.0" encoding="UTF-8"?>
<!-- Generated by org.testng.reporters.JUnitXMLReporter -->
<testsuite hostname="CDGGLTR079" ignored="0" name="Login" tests="5" failures="0" timestamp="2020-05-01T17:44:52 IST" time="56.558" errors="0">
  <testcase name="testNegative" time="2.797" classname="login.Login_Ng1"/>
  <testcase name="testNegative" time="6.389" classname="login.Login_Ng2"/>
  <testcase name="testNegative" time="5.906" classname="login.Login_Ng3"/>
  <testcase name="testNegative" time="1.549" classname="login.Login_Ng4"/>
  <testcase name="testNegative" time="1.813" classname="login.Login_Ng5"/>
</testsuite> <!-- Login -->
