<?xml version="1.0" encoding="UTF-8"?>
<!-- Generated by org.testng.reporters.JUnitXMLReporter -->
<testsuite hostname="CDGGLTR079" ignored="0" name="Test" tests="8" failures="0" timestamp="2020-05-05T18:54:52 IST" time="69.227" errors="0">
  <testcase name="testNegative" time="1.817" classname="login.Login_Ng1"/>
  <testcase name="testNegative" time="2.801" classname="login.Login_Ng2"/>
  <testcase name="testNegative" time="2.597" classname="login.Login_Ng3"/>
  <testcase name="testNegative" time="1.803" classname="login.Login_Ng4"/>
  <testcase name="testNegative" time="3.668" classname="login.Login_Ng5"/>
  <testcase name="testNegative" time="3.896" classname="login.Login_Ng6"/>
  <testcase name="testNegative" time="2.184" classname="login.Login_Ng7"/>
  <testcase name="testLoginPositive" time="1.947" classname="login.Login_positive"/>
</testsuite> <!-- Test -->
