<?xml version="1.0" encoding="UTF-8"?>
<!-- Generated by org.testng.reporters.JUnitXMLReporter -->
<testsuite hostname="CDGGLTR079" ignored="2" name="Test1" tests="2" failures="1" timestamp="2020-05-05T18:52:44 IST" time="15.359" errors="0">
  <testcase name="@AfterMethod getResult" time="0.0" classname="login.BaseTest">
    <failure type="java.lang.NullPointerException">
      <![CDATA[java.lang.NullPointerException
at login.BaseTest.getResult(BaseTest.java:35)
at java.util.ArrayList.forEach(ArrayList.java:1257)
... Removed 32 stack frames]]>
    </failure>
  </testcase> <!-- @AfterMethod getResult -->
  <testcase name="testNegative" time="2.791" classname="login.Login_Neg01"/>
  <testcase name="testNegative" time="0.001" classname="login.Login_Neg02">
    <failure type="java.lang.NullPointerException">
      <![CDATA[java.lang.NullPointerException
at login.Login_Neg02.testNegative(Login_Neg02.java:37)
at java.util.ArrayList.forEach(ArrayList.java:1257)
... Removed 27 stack frames]]>
    </failure>
  </testcase> <!-- testNegative -->
  <testcase name="@AfterSuite teardown" time="0.0" classname="login.BaseTest">
    <ignored/>
  </testcase> <!-- @AfterSuite teardown -->
  <testcase name="@BeforeSuite Setup" time="0.0" classname="login.BaseTest">
    <ignored/>
  </testcase> <!-- @BeforeSuite Setup -->
</testsuite> <!-- Test1 -->
